<?xml version="1.0" encoding="UTF-8"?>
<!-- Generated by org.testng.reporters.JUnitXMLReporter -->
<testsuite ignored="5" hostname="DESKTOP-QU3L8MS" failures="0" tests="1" name="Default test" time="5.757" errors="0" timestamp="2024-11-07T03:57:52 IST">
  <testcase classname="Api_Auto.ShoppingCart" name="postProduct" time="5.682"/>
  <testcase classname="Api_Auto.ShoppingCart" name="getAllProducts" time="0.0">
    <ignored/>
  </testcase> <!-- getAllProducts -->
  <testcase classname="Api_Auto.ShoppingCart" name="createOrder" time="0.0">
    <ignored/>
  </testcase> <!-- createOrder -->
  <testcase classname="Api_Auto.ShoppingCart" name="getAllOrders" time="0.0">
    <ignored/>
  </testcase> <!-- getAllOrders -->
  <testcase classname="Api_Auto.ShoppingCart" name="Login" time="0.0">
    <ignored/>
  </testcase> <!-- Login -->
  <testcase classname="Api_Auto.ShoppingCart" name="getCartItems" time="0.0">
    <ignored/>
  </testcase> <!-- getCartItems -->
</testsuite> <!-- Default test -->
