<?xml version="1.0" encoding="UTF-8"?>
<testng-results ignored="0" total="1" passed="1" failed="0" skipped="0">
  <reporter-output>
  </reporter-output>
  <suite started-at="2024-11-07T03:57:47 IST" name="Default suite" finished-at="2024-11-07T03:57:52 IST" duration-ms="5757">
    <groups>
    </groups>
    <test started-at="2024-11-07T03:57:47 IST" name="Default test" finished-at="2024-11-07T03:57:52 IST" duration-ms="5757">
      <class name="Api_Auto.ShoppingCart">
        <test-method signature="postProduct()[pri:0, instance:Api_Auto.ShoppingCart@6c6cb480]" started-at="2024-11-07T03:57:47 IST" name="postProduct" finished-at="2024-11-07T03:57:52 IST" duration-ms="5682" status="PASS">
          <reporter-output>
          </reporter-output>
        </test-method> <!-- postProduct -->
      </class> <!-- Api_Auto.ShoppingCart -->
    </test> <!-- Default test -->
  </suite> <!-- Default suite -->
</testng-results>
